<?xml version="1.0" encoding="UTF-8"?>
<!-- Generated by org.testng.reporters.JUnitXMLReporter -->
<testsuite hostname="DESKTOP-JP52KVH" ignored="0" name="Test" tests="4" failures="1" timestamp="27 Mar 2020 12:11:54 GMT" time="253.478" errors="0">
  <testcase name="FirstTest" time="8.426" classname="AppiumFramework.AppiumFramework.AppiumTest">
    <failure type="java.lang.AssertionError" message="Not Found expected [true] but found [false]">
      <![CDATA[java.lang.AssertionError: Not Found expected [true] but found [false]
at AppiumFramework.AppiumFramework.AppiumTest.FirstTest(AppiumTest.java:13)
... Removed 28 stack frames]]>
    </failure>
  </testcase> <!-- FirstTest -->
  <testcase name="SecondTest" time="6.479" classname="AppiumFramework.AppiumFramework.AppiumTest"/>
  <testcase name="ThirdTest" time="6.81" classname="AppiumFramework.AppiumFramework.AppiumTest"/>
  <testcase name="ForthTest" time="7.795" classname="AppiumFramework.AppiumFramework.AppiumTest"/>
</testsuite> <!-- Test -->
