<?xml version="1.0" encoding="UTF-8"?>
<testng-results skipped="0" failed="1" ignored="0" total="4" passed="3">
  <reporter-output>
  </reporter-output>
  <suite name="Default suite" duration-ms="253510" started-at="2020-05-02T10:41:00Z" finished-at="2020-05-02T10:45:13Z">
    <groups>
    </groups>
    <test name="Default test" duration-ms="253510" started-at="2020-05-02T10:41:00Z" finished-at="2020-05-02T10:45:13Z">
      <class name="AppiumFramework.AppiumFramework.AppiumTest">
        <test-method status="PASS" signature="BeforeSuite()[pri:0, instance:AppiumFramework.AppiumFramework.AppiumTest@fd07cbb]" name="BeforeSuite" is-config="true" duration-ms="249" started-at="2020-05-02T10:41:00Z" finished-at="2020-05-02T10:41:00Z">
          <reporter-output>
          </reporter-output>
        </test-method> <!-- BeforeSuite -->
        <test-method status="PASS" signature="BeforeClass()[pri:0, instance:AppiumFramework.AppiumFramework.AppiumTest@fd07cbb]" name="BeforeClass" is-config="true" duration-ms="2013" started-at="2020-05-02T10:41:00Z" finished-at="2020-05-02T10:41:02Z">
          <reporter-output>
          </reporter-output>
        </test-method> <!-- BeforeClass -->
        <test-method status="PASS" signature="BeforeTest(org.testng.ITestResult)[pri:0, instance:AppiumFramework.AppiumFramework.AppiumTest@fd07cbb]" name="BeforeTest" is-config="true" duration-ms="96936" started-at="2020-05-02T10:41:02Z" finished-at="2020-05-02T10:42:39Z">
          <params>
            <param index="0">
              <value>
                <![CDATA[[TestResult name=FirstTest status=FAILURE method=AppiumTest.FirstTest()[pri:1, instance:AppiumFramework.AppiumFramework.AppiumTest@fd07cbb] output={null}]]]>
              </value>
            </param>
          </params>
          <reporter-output>
          </reporter-output>
        </test-method> <!-- BeforeTest -->
        <test-method status="FAIL" signature="FirstTest()[pri:1, instance:AppiumFramework.AppiumFramework.AppiumTest@fd07cbb]" name="FirstTest" duration-ms="14706" started-at="2020-05-02T10:42:39Z" finished-at="2020-05-02T10:42:54Z">
          <exception class="org.openqa.selenium.InvalidElementStateException">
            <message>
              <![CDATA[Element Name Input Tag not ready!
Build info: version: '3.141.59', revision: 'e82be7d358', time: '2018-11-14T08:17:03'
System info: host: 'DESKTOP-JP52KVH', ip: '192.168.43.241', os.name: 'Windows 10', os.arch: 'amd64', os.version: '10.0', java.version: '1.8.0_221'
Driver info: driver.version: unknown]]>
            </message>
            <full-stacktrace>
              <![CDATA[org.openqa.selenium.InvalidElementStateException: Element Name Input Tag not ready!
Build info: version: '3.141.59', revision: 'e82be7d358', time: '2018-11-14T08:17:03'
System info: host: 'DESKTOP-JP52KVH', ip: '192.168.43.241', os.name: 'Windows 10', os.arch: 'amd64', os.version: '10.0', java.version: '1.8.0_221'
Driver info: driver.version: unknown
at AppiumFramework.AppiumFramework.GenericMethods.SetText(GenericMethods.java:119)
at AppiumFramework.AppiumFramework.AppiumTest.FirstTest(AppiumTest.java:9)
at sun.reflect.NativeMethodAccessorImpl.invoke0(Native Method)
at sun.reflect.NativeMethodAccessorImpl.invoke(Unknown Source)
at sun.reflect.DelegatingMethodAccessorImpl.invoke(Unknown Source)
at java.lang.reflect.Method.invoke(Unknown Source)
at org.testng.internal.MethodInvocationHelper.invokeMethod(MethodInvocationHelper.java:124)
at org.testng.internal.Invoker.invokeMethod(Invoker.java:583)
at org.testng.internal.Invoker.invokeTestMethod(Invoker.java:719)
at org.testng.internal.Invoker.invokeTestMethods(Invoker.java:989)
at org.testng.internal.TestMethodWorker.invokeTestMethods(TestMethodWorker.java:125)
at org.testng.internal.TestMethodWorker.run(TestMethodWorker.java:109)
at org.testng.TestRunner.privateRun(TestRunner.java:648)
at org.testng.TestRunner.run(TestRunner.java:505)
at org.testng.SuiteRunner.runTest(SuiteRunner.java:455)
at org.testng.SuiteRunner.runSequentially(SuiteRunner.java:450)
at org.testng.SuiteRunner.privateRun(SuiteRunner.java:415)
at org.testng.SuiteRunner.run(SuiteRunner.java:364)
at org.testng.SuiteRunnerWorker.runSuite(SuiteRunnerWorker.java:52)
at org.testng.SuiteRunnerWorker.run(SuiteRunnerWorker.java:84)
at org.testng.TestNG.runSuitesSequentially(TestNG.java:1208)
at org.testng.TestNG.runSuitesLocally(TestNG.java:1137)
at org.testng.TestNG.runSuites(TestNG.java:1049)
at org.testng.TestNG.run(TestNG.java:1017)
at org.testng.remote.AbstractRemoteTestNG.run(AbstractRemoteTestNG.java:114)
at org.testng.remote.RemoteTestNG.initAndRun(RemoteTestNG.java:251)
at org.testng.remote.RemoteTestNG.main(RemoteTestNG.java:77)
]]>
            </full-stacktrace>
          </exception> <!-- org.openqa.selenium.InvalidElementStateException -->
          <reporter-output>
          </reporter-output>
        </test-method> <!-- FirstTest -->
        <test-method status="PASS" signature="AfterTest(org.testng.ITestResult)[pri:0, instance:AppiumFramework.AppiumFramework.AppiumTest@fd07cbb]" name="AfterTest" is-config="true" duration-ms="2211" started-at="2020-05-02T10:42:54Z" finished-at="2020-05-02T10:42:56Z">
          <params>
            <param index="0">
              <value>
                <![CDATA[[TestResult name=FirstTest status=FAILURE method=AppiumTest.FirstTest()[pri:1, instance:AppiumFramework.AppiumFramework.AppiumTest@fd07cbb] output={null}]]]>
              </value>
            </param>
          </params>
          <reporter-output>
          </reporter-output>
        </test-method> <!-- AfterTest -->
        <test-method status="PASS" signature="BeforeTest(org.testng.ITestResult)[pri:0, instance:AppiumFramework.AppiumFramework.AppiumTest@fd07cbb]" name="BeforeTest" is-config="true" duration-ms="34851" started-at="2020-05-02T10:42:56Z" finished-at="2020-05-02T10:43:31Z">
          <params>
            <param index="0">
              <value>
                <![CDATA[[TestResult name=SecondTest status=SUCCESS method=AppiumTest.SecondTest()[pri:2, instance:AppiumFramework.AppiumFramework.AppiumTest@fd07cbb] output={null}]]]>
              </value>
            </param>
          </params>
          <reporter-output>
          </reporter-output>
        </test-method> <!-- BeforeTest -->
        <test-method status="PASS" signature="SecondTest()[pri:2, instance:AppiumFramework.AppiumFramework.AppiumTest@fd07cbb]" name="SecondTest" duration-ms="6644" started-at="2020-05-02T10:43:31Z" finished-at="2020-05-02T10:43:37Z">
          <reporter-output>
          </reporter-output>
        </test-method> <!-- SecondTest -->
        <test-method status="PASS" signature="AfterTest(org.testng.ITestResult)[pri:0, instance:AppiumFramework.AppiumFramework.AppiumTest@fd07cbb]" name="AfterTest" is-config="true" duration-ms="1748" started-at="2020-05-02T10:43:37Z" finished-at="2020-05-02T10:43:39Z">
          <params>
            <param index="0">
              <value>
                <![CDATA[[TestResult name=SecondTest status=SUCCESS method=AppiumTest.SecondTest()[pri:2, instance:AppiumFramework.AppiumFramework.AppiumTest@fd07cbb] output={null}]]]>
              </value>
            </param>
          </params>
          <reporter-output>
          </reporter-output>
        </test-method> <!-- AfterTest -->
        <test-method status="PASS" signature="BeforeTest(org.testng.ITestResult)[pri:0, instance:AppiumFramework.AppiumFramework.AppiumTest@fd07cbb]" name="BeforeTest" is-config="true" duration-ms="39353" started-at="2020-05-02T10:43:39Z" finished-at="2020-05-02T10:44:18Z">
          <params>
            <param index="0">
              <value>
                <![CDATA[[TestResult name=ThirdTest status=SUCCESS method=AppiumTest.ThirdTest()[pri:3, instance:AppiumFramework.AppiumFramework.AppiumTest@fd07cbb] output={null}]]]>
              </value>
            </param>
          </params>
          <reporter-output>
          </reporter-output>
        </test-method> <!-- BeforeTest -->
        <test-method status="PASS" signature="ThirdTest()[pri:3, instance:AppiumFramework.AppiumFramework.AppiumTest@fd07cbb]" name="ThirdTest" duration-ms="6605" started-at="2020-05-02T10:44:18Z" finished-at="2020-05-02T10:44:25Z">
          <reporter-output>
          </reporter-output>
        </test-method> <!-- ThirdTest -->
        <test-method status="PASS" signature="AfterTest(org.testng.ITestResult)[pri:0, instance:AppiumFramework.AppiumFramework.AppiumTest@fd07cbb]" name="AfterTest" is-config="true" duration-ms="272" started-at="2020-05-02T10:44:25Z" finished-at="2020-05-02T10:44:25Z">
          <params>
            <param index="0">
              <value>
                <![CDATA[[TestResult name=ThirdTest status=SUCCESS method=AppiumTest.ThirdTest()[pri:3, instance:AppiumFramework.AppiumFramework.AppiumTest@fd07cbb] output={null}]]]>
              </value>
            </param>
          </params>
          <reporter-output>
          </reporter-output>
        </test-method> <!-- AfterTest -->
        <test-method status="PASS" signature="BeforeTest(org.testng.ITestResult)[pri:0, instance:AppiumFramework.AppiumFramework.AppiumTest@fd07cbb]" name="BeforeTest" is-config="true" duration-ms="40793" started-at="2020-05-02T10:44:25Z" finished-at="2020-05-02T10:45:06Z">
          <params>
            <param index="0">
              <value>
                <![CDATA[[TestResult name=ForthTest status=SUCCESS method=AppiumTest.ForthTest()[pri:4, instance:AppiumFramework.AppiumFramework.AppiumTest@fd07cbb] output={null}]]]>
              </value>
            </param>
          </params>
          <reporter-output>
          </reporter-output>
        </test-method> <!-- BeforeTest -->
        <test-method status="PASS" signature="ForthTest()[pri:4, instance:AppiumFramework.AppiumFramework.AppiumTest@fd07cbb]" name="ForthTest" duration-ms="6896" started-at="2020-05-02T10:45:06Z" finished-at="2020-05-02T10:45:13Z">
          <reporter-output>
          </reporter-output>
        </test-method> <!-- ForthTest -->
        <test-method status="PASS" signature="AfterTest(org.testng.ITestResult)[pri:0, instance:AppiumFramework.AppiumFramework.AppiumTest@fd07cbb]" name="AfterTest" is-config="true" duration-ms="374" started-at="2020-05-02T10:45:13Z" finished-at="2020-05-02T10:45:13Z">
          <params>
            <param index="0">
              <value>
                <![CDATA[[TestResult name=ForthTest status=SUCCESS method=AppiumTest.ForthTest()[pri:4, instance:AppiumFramework.AppiumFramework.AppiumTest@fd07cbb] output={null}]]]>
              </value>
            </param>
          </params>
          <reporter-output>
          </reporter-output>
        </test-method> <!-- AfterTest -->
        <test-method status="PASS" signature="AfterClass()[pri:0, instance:AppiumFramework.AppiumFramework.AppiumTest@fd07cbb]" name="AfterClass" is-config="true" duration-ms="9" started-at="2020-05-02T10:45:13Z" finished-at="2020-05-02T10:45:13Z">
          <reporter-output>
          </reporter-output>
        </test-method> <!-- AfterClass -->
        <test-method status="PASS" signature="AfterSuite()[pri:0, instance:AppiumFramework.AppiumFramework.AppiumTest@fd07cbb]" name="AfterSuite" is-config="true" duration-ms="1951" started-at="2020-05-02T10:45:13Z" finished-at="2020-05-02T10:45:15Z">
          <reporter-output>
          </reporter-output>
        </test-method> <!-- AfterSuite -->
      </class> <!-- AppiumFramework.AppiumFramework.AppiumTest -->
    </test> <!-- Default test -->
  </suite> <!-- Default suite -->
</testng-results>
